2024-11-26 20:57:01,359 - INFO - AI服务初始化完成
2024-11-26 20:57:25,431 - INFO - AI服务初始化完成
2024-11-26 20:57:38,475 - INFO - 开始处理新的请求: 你好
2024-11-26 20:57:38,477 - DEBUG - Starting new HTTPS connection (1): aip.baidubce.com:443
2024-11-26 20:57:38,922 - DEBUG - https://aip.baidubce.com:443 "POST /oauth/2.0/token?grant_type=client_credentials&client_id=WgTDfZhQKDBvNQ1t3HSr8rG0&client_secret=opGec3K9CQSua09B0bq4vM8HU0thNV7L HTTP/1.1" 200 None
2024-11-26 20:57:38,925 - INFO - 获取到新的access_token: 24.319bfaa...
2024-11-26 20:57:38,926 - DEBUG - 请求URL: https://aip.baidubce.com/rpc/2.0/ai_custom/v1/wenxinworkshop/chat/eb-instant?access_token=24.319bfaab558d29d55ec4f36454c44824.2592000.1735217858.282335-116407666
2024-11-26 20:57:38,926 - DEBUG - 请求头: {'Content-Type': 'application/json'}
2024-11-26 20:57:38,926 - DEBUG - 请求体: {"messages": [{"role": "user", "content": "你好"}]}
2024-11-26 20:57:38,928 - DEBUG - Starting new HTTPS connection (1): aip.baidubce.com:443
2024-11-26 20:57:39,207 - DEBUG - https://aip.baidubce.com:443 "POST /rpc/2.0/ai_custom/v1/wenxinworkshop/chat/eb-instant?access_token=24.319bfaab558d29d55ec4f36454c44824.2592000.1735217858.282335-116407666 HTTP/1.1" 200 None
2024-11-26 20:57:39,213 - INFO - 收到API响应
2024-11-26 20:57:39,213 - DEBUG - 响应数据: {
  "error_code": 6,
  "error_msg": "No permission to access data"
}
2024-11-26 20:57:39,213 - ERROR - API错误: No permission to access data
2024-11-26 21:01:47,709 - INFO - AI服务初始化完成
2024-11-26 21:02:01,762 - INFO - AI服务初始化完成
2024-11-26 21:02:21,987 - INFO - 开始处理新的请求: 你好
2024-11-26 21:02:21,987 - INFO - 正在获取访问令牌，API Key: WgTDf...
2024-11-26 21:02:21,989 - DEBUG - Starting new HTTPS connection (1): aip.baidubce.com:443
2024-11-26 21:02:22,271 - DEBUG - https://aip.baidubce.com:443 "POST /oauth/2.0/token?grant_type=client_credentials&client_id=WgTDfZhQKDBvNQ1t3HSr8rG0&client_secret=opGec3K9CQSua09B0bq4vM8HU0thNV7L HTTP/1.1" 200 None
2024-11-26 21:02:22,271 - DEBUG - 访问令牌响应: {"refresh_token": "25.f25ebca2aacd4b83e64e6d6902c0834c.315360000.2047986142.282335-116407666", "expires_in": 2592000, "session_key": "9mzdCPQt958XWK/V/R1Nta4hw1FzzuTwDjQwmm5KbUonVwLq8GGtlsnT9mR3LjHACFYjpXm4TbW5c90DP7XQw8/KmTLX2VU=", "access_token": "24.30cb3554f797d2881e105baec6e0b873.2592000.1735218142.282335-116407666", "scope": "public ai_custom_qianfan_bloomz_7b_compressed ai_custom_yiyan_com ai_custom_yiyan_com_128k ai_custom_yiyan_com_ai_apaas ai_custom_yiyan_com_ai_apaas_lite ai_custom_yiyan_com_aquilachat_7b ai_custom_yiyan_com_bce_reranker_base ai_custom_yiyan_com_bloomz7b1 ai_custom_yiyan_com_chatglm2_6b_32k ai_custom_yiyan_com_chatlaw ai_custom_yiyan_com_codellama_7b_ins ai_custom_yiyan_com_eb_pro ai_custom_yiyan_com_eb_turbo_pro ai_custom_yiyan_com_eb_turbo_pro_128k ai_custom_yiyan_com_emb_bge_large_en ai_custom_yiyan_com_emb_bge_large_zh ai_custom_yiyan_com_emb_tao_8k ai_custom_yiyan_com_emb_text ai_custom_yiyan_com_ernie_3.5_128k_preview ai_custom_yiyan_com_ernie_3.5_8k_0701 ai_custom_yiyan_com_ernie_35_8k_0613 ai_custom_yiyan_com_ernie_35_8k_preview ai_custom_yiyan_com_ernie_4.0_turbo_128k ai_custom_yiyan_com_ernie_4.0_turbo_8k_0628 ai_custom_yiyan_com_ernie_4.0_turbo_8k_latest ai_custom_yiyan_com_ernie_40_8k_0613 ai_custom_yiyan_com_ernie_40_8k_beta ai_custom_yiyan_com_ernie_40_8k_preview ai_custom_yiyan_com_ernie_40_turbo_8k(2) ai_custom_yiyan_com_ernie_40_turbo_8k_preview ai_custom_yiyan_com_ernie_char_8k ai_custom_yiyan_com_ernie_char_fiction_8k ai_custom_yiyan_com_ernie_func_8k ai_custom_yiyan_com_ernie_lite_8k ai_custom_yiyan_com_ernie_lite_pro_128k ai_custom_yiyan_com_ernie_novel_8k ai_custom_yiyan_com_ernie_speed_pro_128k ai_custom_yiyan_com_ernie_tiny_8k ai_custom_yiyan_com_fiction_8k_preview ai_custom_yiyan_com_fuyu_8b ai_custom_yiyan_com_gemma_7b_it ai_custom_yiyan_com_llama2_13b ai_custom_yiyan_com_llama2_70b ai_custom_yiyan_com_llama2_7b ai_custom_yiyan_com_llama3_70b ai_custom_yiyan_com_llama3_8b ai_custom_yiyan_com_mixtral_8x7b ai_custom_yiyan_com_qf_chinese_llama_2_13b ai_custom_yiyan_com_qf_chinese_llama_2_70b ai_custom_yiyan_com_qianfan_agent_lite_8k ai_custom_yiyan_com_qianfan_agent_speed_8k ai_custom_yiyan_com_qianfan_chinese_llama_2_7b ai_custom_yiyan_com_qianfan_dynamic_8k ai_custom_yiyan_com_sd_xl ai_custom_yiyan_com_sqlcoder_7b ai_custom_yiyan_com_tokenizer_eb ai_custom_yiyan_com_xuanyuan_70b_chat ai_custom_yiyan_com_yi_34b brain_all_scope wenxinworkshop_mgr wise_adapt lebo_resource_base lightservice_public hetu_basic lightcms_map_poi kaidian_kaidian ApsMisTest_Test权限 vis-classify_flower lpq_开放 cop_helloScope ApsMis_fangdi_permission smartapp_snsapi_base smartapp_mapp_dev_manage iop_autocar oauth_tp_app smartapp_smart_game_openapi oauth_sessionkey smartapp_swanid_verify smartapp_opensource_openapi smartapp_opensource_recapi fake_face_detect_开放Scope vis-ocr_虚拟人物助理 idl-video_虚拟人物助理 smartapp_component smartapp_search_plugin avatar_video_test b2b_tp_openapi b2b_tp_openapi_online smartapp_gov_aladin_to_xcx", "session_secret": "e5bce9c61189df9d0463824a7cdb4d14"}
2024-11-26 21:02:22,271 - INFO - 成功获取访问令牌
2024-11-26 21:02:22,272 - DEBUG - 请求URL: https://aip.baidubce.com/rpc/2.0/ai_custom/v1/wenxinworkshop/chat/eb-instant?access_token=24.30cb3554f797d2881e105baec6e0b873.2592000.1735218142.282335-116407666
2024-11-26 21:02:22,272 - DEBUG - 请求头: {'Content-Type': 'application/json'}
2024-11-26 21:02:22,272 - DEBUG - 请求体: {"messages": [{"role": "user", "content": "你好"}]}
2024-11-26 21:02:22,273 - DEBUG - Starting new HTTPS connection (1): aip.baidubce.com:443
2024-11-26 21:02:22,600 - DEBUG - https://aip.baidubce.com:443 "POST /rpc/2.0/ai_custom/v1/wenxinworkshop/chat/eb-instant?access_token=24.30cb3554f797d2881e105baec6e0b873.2592000.1735218142.282335-116407666 HTTP/1.1" 200 None
2024-11-26 21:02:22,601 - INFO - 收到API响应
2024-11-26 21:02:22,601 - DEBUG - 响应数据: {
  "error_code": 6,
  "error_msg": "No permission to access data"
}
2024-11-26 21:02:22,601 - ERROR - API错误: No permission to access data
2024-11-26 21:02:25,684 - INFO - 开始处理新的请求: hi
2024-11-26 21:02:25,684 - INFO - 正在获取访问令牌，API Key: WgTDf...
2024-11-26 21:02:25,686 - DEBUG - Starting new HTTPS connection (1): aip.baidubce.com:443
2024-11-26 21:02:25,960 - DEBUG - https://aip.baidubce.com:443 "POST /oauth/2.0/token?grant_type=client_credentials&client_id=WgTDfZhQKDBvNQ1t3HSr8rG0&client_secret=opGec3K9CQSua09B0bq4vM8HU0thNV7L HTTP/1.1" 200 None
2024-11-26 21:02:25,961 - DEBUG - 访问令牌响应: {"refresh_token": "25.2332ac88bae35ad6a3026b9e8c9be9dc.315360000.2047986145.282335-116407666", "expires_in": 2592000, "session_key": "9mzdX+yqXcL0vxGAp/fNlIwkoGRR8aj5z1ornUjZYHUztmUAdDby/nJq5UElaiYDfucHCz6fDrWV1isX70FLH/8PhgDE9so=", "access_token": "24.d6c57fad1fa89b72bbecf26c8a37a8a2.2592000.1735218145.282335-116407666", "scope": "public ai_custom_qianfan_bloomz_7b_compressed ai_custom_yiyan_com ai_custom_yiyan_com_128k ai_custom_yiyan_com_ai_apaas ai_custom_yiyan_com_ai_apaas_lite ai_custom_yiyan_com_aquilachat_7b ai_custom_yiyan_com_bce_reranker_base ai_custom_yiyan_com_bloomz7b1 ai_custom_yiyan_com_chatglm2_6b_32k ai_custom_yiyan_com_chatlaw ai_custom_yiyan_com_codellama_7b_ins ai_custom_yiyan_com_eb_pro ai_custom_yiyan_com_eb_turbo_pro ai_custom_yiyan_com_eb_turbo_pro_128k ai_custom_yiyan_com_emb_bge_large_en ai_custom_yiyan_com_emb_bge_large_zh ai_custom_yiyan_com_emb_tao_8k ai_custom_yiyan_com_emb_text ai_custom_yiyan_com_ernie_3.5_128k_preview ai_custom_yiyan_com_ernie_3.5_8k_0701 ai_custom_yiyan_com_ernie_35_8k_0613 ai_custom_yiyan_com_ernie_35_8k_preview ai_custom_yiyan_com_ernie_4.0_turbo_128k ai_custom_yiyan_com_ernie_4.0_turbo_8k_0628 ai_custom_yiyan_com_ernie_4.0_turbo_8k_latest ai_custom_yiyan_com_ernie_40_8k_0613 ai_custom_yiyan_com_ernie_40_8k_beta ai_custom_yiyan_com_ernie_40_8k_preview ai_custom_yiyan_com_ernie_40_turbo_8k(2) ai_custom_yiyan_com_ernie_40_turbo_8k_preview ai_custom_yiyan_com_ernie_char_8k ai_custom_yiyan_com_ernie_char_fiction_8k ai_custom_yiyan_com_ernie_func_8k ai_custom_yiyan_com_ernie_lite_8k ai_custom_yiyan_com_ernie_lite_pro_128k ai_custom_yiyan_com_ernie_novel_8k ai_custom_yiyan_com_ernie_speed_pro_128k ai_custom_yiyan_com_ernie_tiny_8k ai_custom_yiyan_com_fiction_8k_preview ai_custom_yiyan_com_fuyu_8b ai_custom_yiyan_com_gemma_7b_it ai_custom_yiyan_com_llama2_13b ai_custom_yiyan_com_llama2_70b ai_custom_yiyan_com_llama2_7b ai_custom_yiyan_com_llama3_70b ai_custom_yiyan_com_llama3_8b ai_custom_yiyan_com_mixtral_8x7b ai_custom_yiyan_com_qf_chinese_llama_2_13b ai_custom_yiyan_com_qf_chinese_llama_2_70b ai_custom_yiyan_com_qianfan_agent_lite_8k ai_custom_yiyan_com_qianfan_agent_speed_8k ai_custom_yiyan_com_qianfan_chinese_llama_2_7b ai_custom_yiyan_com_qianfan_dynamic_8k ai_custom_yiyan_com_sd_xl ai_custom_yiyan_com_sqlcoder_7b ai_custom_yiyan_com_tokenizer_eb ai_custom_yiyan_com_xuanyuan_70b_chat ai_custom_yiyan_com_yi_34b brain_all_scope wenxinworkshop_mgr wise_adapt lebo_resource_base lightservice_public hetu_basic lightcms_map_poi kaidian_kaidian ApsMisTest_Test权限 vis-classify_flower lpq_开放 cop_helloScope ApsMis_fangdi_permission smartapp_snsapi_base smartapp_mapp_dev_manage iop_autocar oauth_tp_app smartapp_smart_game_openapi oauth_sessionkey smartapp_swanid_verify smartapp_opensource_openapi smartapp_opensource_recapi fake_face_detect_开放Scope vis-ocr_虚拟人物助理 idl-video_虚拟人物助理 smartapp_component smartapp_search_plugin avatar_video_test b2b_tp_openapi b2b_tp_openapi_online smartapp_gov_aladin_to_xcx", "session_secret": "5eb56c379d052d5ad74c3c348671bdcd"}
2024-11-26 21:02:25,961 - INFO - 成功获取访问令牌
2024-11-26 21:02:25,962 - DEBUG - 请求URL: https://aip.baidubce.com/rpc/2.0/ai_custom/v1/wenxinworkshop/chat/eb-instant?access_token=24.d6c57fad1fa89b72bbecf26c8a37a8a2.2592000.1735218145.282335-116407666
2024-11-26 21:02:25,962 - DEBUG - 请求头: {'Content-Type': 'application/json'}
2024-11-26 21:02:25,962 - DEBUG - 请求体: {"messages": [{"role": "user", "content": "hi"}]}
2024-11-26 21:02:25,963 - DEBUG - Starting new HTTPS connection (1): aip.baidubce.com:443
2024-11-26 21:02:26,245 - DEBUG - https://aip.baidubce.com:443 "POST /rpc/2.0/ai_custom/v1/wenxinworkshop/chat/eb-instant?access_token=24.d6c57fad1fa89b72bbecf26c8a37a8a2.2592000.1735218145.282335-116407666 HTTP/1.1" 200 None
2024-11-26 21:02:26,249 - INFO - 收到API响应
2024-11-26 21:02:26,249 - DEBUG - 响应数据: {
  "error_code": 6,
  "error_msg": "No permission to access data"
}
2024-11-26 21:02:26,249 - ERROR - API错误: No permission to access data
2024-11-26 21:23:04,030 - INFO - AI服务初始化完成
2024-11-26 21:23:20,108 - INFO - 开始处理新的请求: 1
2024-11-26 21:23:20,109 - INFO - 正在获取访问令牌，API Key: WgTDf...
2024-11-26 21:23:20,111 - DEBUG - Starting new HTTPS connection (1): aip.baidubce.com:443
2024-11-26 21:23:20,715 - DEBUG - https://aip.baidubce.com:443 "POST /oauth/2.0/token?grant_type=client_credentials&client_id=WgTDfZhQKDBvNQ1t3HSr8rG0&client_secret=opGec3K9CQSua09B0bq4vM8HU0thNV7L HTTP/1.1" 200 None
2024-11-26 21:23:20,720 - DEBUG - 访问令牌响应: {"refresh_token": "25.fc824c6d2f5f875ecc22a79c44f7e8db.315360000.2047987400.282335-116407666", "expires_in": 2592000, "session_key": "9mzdCy0SyE9lTMi9NZHKgdxs3WGylUnEyqqjOF+540SAdb5QSaZi/K75fRu8rvShYJqZcqxX9ZFjBqTz5IxjJFsxIweXgmY=", "access_token": "24.0561ee56ec3a032466e6bd47af180e56.2592000.1735219400.282335-116407666", "scope": "public ai_custom_qianfan_bloomz_7b_compressed ai_custom_yiyan_com ai_custom_yiyan_com_128k ai_custom_yiyan_com_ai_apaas ai_custom_yiyan_com_ai_apaas_lite ai_custom_yiyan_com_aquilachat_7b ai_custom_yiyan_com_bce_reranker_base ai_custom_yiyan_com_bloomz7b1 ai_custom_yiyan_com_chatglm2_6b_32k ai_custom_yiyan_com_chatlaw ai_custom_yiyan_com_codellama_7b_ins ai_custom_yiyan_com_eb_pro ai_custom_yiyan_com_eb_turbo_pro ai_custom_yiyan_com_eb_turbo_pro_128k ai_custom_yiyan_com_emb_bge_large_en ai_custom_yiyan_com_emb_bge_large_zh ai_custom_yiyan_com_emb_tao_8k ai_custom_yiyan_com_emb_text ai_custom_yiyan_com_ernie_3.5_128k_preview ai_custom_yiyan_com_ernie_3.5_8k_0701 ai_custom_yiyan_com_ernie_35_8k_0613 ai_custom_yiyan_com_ernie_35_8k_preview ai_custom_yiyan_com_ernie_4.0_turbo_128k ai_custom_yiyan_com_ernie_4.0_turbo_8k_0628 ai_custom_yiyan_com_ernie_4.0_turbo_8k_latest ai_custom_yiyan_com_ernie_40_8k_0613 ai_custom_yiyan_com_ernie_40_8k_beta ai_custom_yiyan_com_ernie_40_8k_preview ai_custom_yiyan_com_ernie_40_turbo_8k(2) ai_custom_yiyan_com_ernie_40_turbo_8k_preview ai_custom_yiyan_com_ernie_char_8k ai_custom_yiyan_com_ernie_char_fiction_8k ai_custom_yiyan_com_ernie_func_8k ai_custom_yiyan_com_ernie_lite_8k ai_custom_yiyan_com_ernie_lite_pro_128k ai_custom_yiyan_com_ernie_novel_8k ai_custom_yiyan_com_ernie_speed_pro_128k ai_custom_yiyan_com_ernie_tiny_8k ai_custom_yiyan_com_fiction_8k_preview ai_custom_yiyan_com_fuyu_8b ai_custom_yiyan_com_gemma_7b_it ai_custom_yiyan_com_llama2_13b ai_custom_yiyan_com_llama2_70b ai_custom_yiyan_com_llama2_7b ai_custom_yiyan_com_llama3_70b ai_custom_yiyan_com_llama3_8b ai_custom_yiyan_com_mixtral_8x7b ai_custom_yiyan_com_qf_chinese_llama_2_13b ai_custom_yiyan_com_qf_chinese_llama_2_70b ai_custom_yiyan_com_qianfan_agent_lite_8k ai_custom_yiyan_com_qianfan_agent_speed_8k ai_custom_yiyan_com_qianfan_chinese_llama_2_7b ai_custom_yiyan_com_qianfan_dynamic_8k ai_custom_yiyan_com_sd_xl ai_custom_yiyan_com_sqlcoder_7b ai_custom_yiyan_com_tokenizer_eb ai_custom_yiyan_com_xuanyuan_70b_chat ai_custom_yiyan_com_yi_34b brain_all_scope wenxinworkshop_mgr wise_adapt lebo_resource_base lightservice_public hetu_basic lightcms_map_poi kaidian_kaidian ApsMisTest_Test权限 vis-classify_flower lpq_开放 cop_helloScope ApsMis_fangdi_permission smartapp_snsapi_base smartapp_mapp_dev_manage iop_autocar oauth_tp_app smartapp_smart_game_openapi oauth_sessionkey smartapp_swanid_verify smartapp_opensource_openapi smartapp_opensource_recapi fake_face_detect_开放Scope vis-ocr_虚拟人物助理 idl-video_虚拟人物助理 smartapp_component smartapp_search_plugin avatar_video_test b2b_tp_openapi b2b_tp_openapi_online smartapp_gov_aladin_to_xcx", "session_secret": "dcf5f037078a31d1f184309be9946e89"}
2024-11-26 21:23:20,720 - INFO - 成功获取访问令牌
2024-11-26 21:23:20,722 - DEBUG - 请求URL: https://aip.baidubce.com/rpc/2.0/ai_custom/v1/wenxinworkshop/chat/eb-instant?access_token=24.0561ee56ec3a032466e6bd47af180e56.2592000.1735219400.282335-116407666
2024-11-26 21:23:20,722 - DEBUG - 请求头: {'Content-Type': 'application/json'}
2024-11-26 21:23:20,722 - DEBUG - 请求体: {"messages": [{"role": "user", "content": "1"}]}
2024-11-26 21:23:20,724 - DEBUG - Starting new HTTPS connection (1): aip.baidubce.com:443
2024-11-26 21:23:21,050 - DEBUG - https://aip.baidubce.com:443 "POST /rpc/2.0/ai_custom/v1/wenxinworkshop/chat/eb-instant?access_token=24.0561ee56ec3a032466e6bd47af180e56.2592000.1735219400.282335-116407666 HTTP/1.1" 200 None
2024-11-26 21:23:21,057 - INFO - 收到API响应
2024-11-26 21:23:21,058 - DEBUG - 响应数据: {
  "error_code": 6,
  "error_msg": "No permission to access data"
}
2024-11-26 21:23:21,058 - ERROR - API错误: No permission to access data
2024-11-27 13:23:42,989 - INFO - AI服务初始化完成
2024-11-27 13:24:34,250 - INFO - 开始处理新的请求: 1
2024-11-27 13:24:34,250 - INFO - 正在获取访问令牌，API Key: WgTDf...
2024-11-27 13:24:34,253 - DEBUG - Starting new HTTPS connection (1): aip.baidubce.com:443
2024-11-27 13:24:36,180 - DEBUG - https://aip.baidubce.com:443 "POST /oauth/2.0/token?grant_type=client_credentials&client_id=WgTDfZhQKDBvNQ1t3HSr8rG0&client_secret=opGec3K9CQSua09B0bq4vM8HU0thNV7L HTTP/1.1" 200 None
2024-11-27 13:24:36,182 - DEBUG - 访问令牌响应: {"refresh_token": "25.199b839492add042b5edd5d0477ea8a1.315360000.2048045076.282335-116407666", "expires_in": 2592000, "session_key": "9mzdA554ttlpItXuUJdBI1eR7URfy4TorsUQML/w/TTM09iBR1C3mOJ3XlJjG2NJFIn6KKLdRnCnP2TsCJeUEeaMTXXuSDA=", "access_token": "24.84dc96b9ae25cc132b952ea70643378c.2592000.1735277076.282335-116407666", "scope": "public ai_custom_qianfan_bloomz_7b_compressed ai_custom_yiyan_com ai_custom_yiyan_com_128k ai_custom_yiyan_com_ai_apaas ai_custom_yiyan_com_ai_apaas_lite ai_custom_yiyan_com_aquilachat_7b ai_custom_yiyan_com_bce_reranker_base ai_custom_yiyan_com_bloomz7b1 ai_custom_yiyan_com_chatglm2_6b_32k ai_custom_yiyan_com_chatlaw ai_custom_yiyan_com_codellama_7b_ins ai_custom_yiyan_com_eb_pro ai_custom_yiyan_com_eb_turbo_pro ai_custom_yiyan_com_eb_turbo_pro_128k ai_custom_yiyan_com_emb_bge_large_en ai_custom_yiyan_com_emb_bge_large_zh ai_custom_yiyan_com_emb_tao_8k ai_custom_yiyan_com_emb_text ai_custom_yiyan_com_ernie_3.5_128k_preview ai_custom_yiyan_com_ernie_3.5_8k_0701 ai_custom_yiyan_com_ernie_35_8k_0613 ai_custom_yiyan_com_ernie_35_8k_preview ai_custom_yiyan_com_ernie_4.0_turbo_128k ai_custom_yiyan_com_ernie_4.0_turbo_8k_0628 ai_custom_yiyan_com_ernie_4.0_turbo_8k_latest ai_custom_yiyan_com_ernie_40_8k_0613 ai_custom_yiyan_com_ernie_40_8k_beta ai_custom_yiyan_com_ernie_40_8k_preview ai_custom_yiyan_com_ernie_40_turbo_8k(2) ai_custom_yiyan_com_ernie_40_turbo_8k_preview ai_custom_yiyan_com_ernie_char_8k ai_custom_yiyan_com_ernie_char_fiction_8k ai_custom_yiyan_com_ernie_func_8k ai_custom_yiyan_com_ernie_lite_8k ai_custom_yiyan_com_ernie_lite_pro_128k ai_custom_yiyan_com_ernie_novel_8k ai_custom_yiyan_com_ernie_speed_pro_128k ai_custom_yiyan_com_ernie_tiny_8k ai_custom_yiyan_com_fiction_8k_preview ai_custom_yiyan_com_fuyu_8b ai_custom_yiyan_com_gemma_7b_it ai_custom_yiyan_com_llama2_13b ai_custom_yiyan_com_llama2_70b ai_custom_yiyan_com_llama2_7b ai_custom_yiyan_com_llama3_70b ai_custom_yiyan_com_llama3_8b ai_custom_yiyan_com_mixtral_8x7b ai_custom_yiyan_com_qf_chinese_llama_2_13b ai_custom_yiyan_com_qf_chinese_llama_2_70b ai_custom_yiyan_com_qianfan_agent_lite_8k ai_custom_yiyan_com_qianfan_agent_speed_8k ai_custom_yiyan_com_qianfan_chinese_llama_2_7b ai_custom_yiyan_com_qianfan_dynamic_8k ai_custom_yiyan_com_sd_xl ai_custom_yiyan_com_sqlcoder_7b ai_custom_yiyan_com_tokenizer_eb ai_custom_yiyan_com_xuanyuan_70b_chat ai_custom_yiyan_com_yi_34b brain_all_scope wenxinworkshop_mgr wise_adapt lebo_resource_base lightservice_public hetu_basic lightcms_map_poi kaidian_kaidian ApsMisTest_Test权限 vis-classify_flower lpq_开放 cop_helloScope ApsMis_fangdi_permission smartapp_snsapi_base smartapp_mapp_dev_manage iop_autocar oauth_tp_app smartapp_smart_game_openapi oauth_sessionkey smartapp_swanid_verify smartapp_opensource_openapi smartapp_opensource_recapi fake_face_detect_开放Scope vis-ocr_虚拟人物助理 idl-video_虚拟人物助理 smartapp_component smartapp_search_plugin avatar_video_test b2b_tp_openapi b2b_tp_openapi_online smartapp_gov_aladin_to_xcx", "session_secret": "0979bd4886c4a8af0311fd8312236d50"}
2024-11-27 13:24:36,183 - INFO - 成功获取访问令牌
2024-11-27 13:24:36,184 - DEBUG - 请求URL: https://aip.baidubce.com/rpc/2.0/ai_custom/v1/wenxinworkshop/chat/eb-instant?access_token=24.84dc96b9ae25cc132b952ea70643378c.2592000.1735277076.282335-116407666
2024-11-27 13:24:36,184 - DEBUG - 请求头: {'Content-Type': 'application/json'}
2024-11-27 13:24:36,184 - DEBUG - 请求体: {"messages": [{"role": "user", "content": "1"}]}
2024-11-27 13:24:36,185 - DEBUG - Starting new HTTPS connection (1): aip.baidubce.com:443
2024-11-27 13:24:37,441 - DEBUG - https://aip.baidubce.com:443 "POST /rpc/2.0/ai_custom/v1/wenxinworkshop/chat/eb-instant?access_token=24.84dc96b9ae25cc132b952ea70643378c.2592000.1735277076.282335-116407666 HTTP/1.1" 200 None
2024-11-27 13:24:37,489 - INFO - 收到API响应
2024-11-27 13:24:37,490 - DEBUG - 响应数据: {
  "error_code": 6,
  "error_msg": "No permission to access data"
}
2024-11-27 13:24:37,490 - ERROR - API错误: No permission to access data
2024-11-27 13:24:41,434 - INFO - 开始处理新的请求: 你好
2024-11-27 13:24:41,434 - INFO - 正在获取访问令牌，API Key: WgTDf...
2024-11-27 13:24:41,435 - DEBUG - Starting new HTTPS connection (1): aip.baidubce.com:443
2024-11-27 13:24:41,880 - DEBUG - https://aip.baidubce.com:443 "POST /oauth/2.0/token?grant_type=client_credentials&client_id=WgTDfZhQKDBvNQ1t3HSr8rG0&client_secret=opGec3K9CQSua09B0bq4vM8HU0thNV7L HTTP/1.1" 200 None
2024-11-27 13:24:41,893 - DEBUG - 访问令牌响应: {"refresh_token": "25.3c7e7e85e83c8404cb52e002a8ab7c8b.315360000.2048045082.282335-116407666", "expires_in": 2592000, "session_key": "9mzdAvH9VsT7IUCRSPzbfiLzifgNEsaFchGvzkn0KXr2syXCY9LFO8oqDRVx7YUg7Yijzuf+D6IQo9vm79LV0jOAA9QWjYU=", "access_token": "24.933e926f332193961aaa34cea2aaef6b.2592000.1735277082.282335-116407666", "scope": "public ai_custom_qianfan_bloomz_7b_compressed ai_custom_yiyan_com ai_custom_yiyan_com_128k ai_custom_yiyan_com_ai_apaas ai_custom_yiyan_com_ai_apaas_lite ai_custom_yiyan_com_aquilachat_7b ai_custom_yiyan_com_bce_reranker_base ai_custom_yiyan_com_bloomz7b1 ai_custom_yiyan_com_chatglm2_6b_32k ai_custom_yiyan_com_chatlaw ai_custom_yiyan_com_codellama_7b_ins ai_custom_yiyan_com_eb_pro ai_custom_yiyan_com_eb_turbo_pro ai_custom_yiyan_com_eb_turbo_pro_128k ai_custom_yiyan_com_emb_bge_large_en ai_custom_yiyan_com_emb_bge_large_zh ai_custom_yiyan_com_emb_tao_8k ai_custom_yiyan_com_emb_text ai_custom_yiyan_com_ernie_3.5_128k_preview ai_custom_yiyan_com_ernie_3.5_8k_0701 ai_custom_yiyan_com_ernie_35_8k_0613 ai_custom_yiyan_com_ernie_35_8k_preview ai_custom_yiyan_com_ernie_4.0_turbo_128k ai_custom_yiyan_com_ernie_4.0_turbo_8k_0628 ai_custom_yiyan_com_ernie_4.0_turbo_8k_latest ai_custom_yiyan_com_ernie_40_8k_0613 ai_custom_yiyan_com_ernie_40_8k_beta ai_custom_yiyan_com_ernie_40_8k_preview ai_custom_yiyan_com_ernie_40_turbo_8k(2) ai_custom_yiyan_com_ernie_40_turbo_8k_preview ai_custom_yiyan_com_ernie_char_8k ai_custom_yiyan_com_ernie_char_fiction_8k ai_custom_yiyan_com_ernie_func_8k ai_custom_yiyan_com_ernie_lite_8k ai_custom_yiyan_com_ernie_lite_pro_128k ai_custom_yiyan_com_ernie_novel_8k ai_custom_yiyan_com_ernie_speed_pro_128k ai_custom_yiyan_com_ernie_tiny_8k ai_custom_yiyan_com_fiction_8k_preview ai_custom_yiyan_com_fuyu_8b ai_custom_yiyan_com_gemma_7b_it ai_custom_yiyan_com_llama2_13b ai_custom_yiyan_com_llama2_70b ai_custom_yiyan_com_llama2_7b ai_custom_yiyan_com_llama3_70b ai_custom_yiyan_com_llama3_8b ai_custom_yiyan_com_mixtral_8x7b ai_custom_yiyan_com_qf_chinese_llama_2_13b ai_custom_yiyan_com_qf_chinese_llama_2_70b ai_custom_yiyan_com_qianfan_agent_lite_8k ai_custom_yiyan_com_qianfan_agent_speed_8k ai_custom_yiyan_com_qianfan_chinese_llama_2_7b ai_custom_yiyan_com_qianfan_dynamic_8k ai_custom_yiyan_com_sd_xl ai_custom_yiyan_com_sqlcoder_7b ai_custom_yiyan_com_tokenizer_eb ai_custom_yiyan_com_xuanyuan_70b_chat ai_custom_yiyan_com_yi_34b brain_all_scope wenxinworkshop_mgr wise_adapt lebo_resource_base lightservice_public hetu_basic lightcms_map_poi kaidian_kaidian ApsMisTest_Test权限 vis-classify_flower lpq_开放 cop_helloScope ApsMis_fangdi_permission smartapp_snsapi_base smartapp_mapp_dev_manage iop_autocar oauth_tp_app smartapp_smart_game_openapi oauth_sessionkey smartapp_swanid_verify smartapp_opensource_openapi smartapp_opensource_recapi fake_face_detect_开放Scope vis-ocr_虚拟人物助理 idl-video_虚拟人物助理 smartapp_component smartapp_search_plugin avatar_video_test b2b_tp_openapi b2b_tp_openapi_online smartapp_gov_aladin_to_xcx", "session_secret": "48a79b4adcb4f7b587f471a912a03350"}
2024-11-27 13:24:41,893 - INFO - 成功获取访问令牌
2024-11-27 13:24:41,894 - DEBUG - 请求URL: https://aip.baidubce.com/rpc/2.0/ai_custom/v1/wenxinworkshop/chat/eb-instant?access_token=24.933e926f332193961aaa34cea2aaef6b.2592000.1735277082.282335-116407666
2024-11-27 13:24:41,894 - DEBUG - 请求头: {'Content-Type': 'application/json'}
2024-11-27 13:24:41,894 - DEBUG - 请求体: {"messages": [{"role": "user", "content": "你好"}]}
2024-11-27 13:24:41,896 - DEBUG - Starting new HTTPS connection (1): aip.baidubce.com:443
2024-11-27 13:24:42,475 - DEBUG - https://aip.baidubce.com:443 "POST /rpc/2.0/ai_custom/v1/wenxinworkshop/chat/eb-instant?access_token=24.933e926f332193961aaa34cea2aaef6b.2592000.1735277082.282335-116407666 HTTP/1.1" 200 None
2024-11-27 13:24:42,522 - INFO - 收到API响应
2024-11-27 13:24:42,523 - DEBUG - 响应数据: {
  "error_code": 6,
  "error_msg": "No permission to access data"
}
2024-11-27 13:24:42,523 - ERROR - API错误: No permission to access data
2024-11-27 13:36:37,381 - INFO - AI服务初始化完成
2024-11-27 13:36:54,135 - INFO - 开始处理新的请求: 你好
2024-11-27 13:36:54,135 - INFO - 正在获取访问令牌，API Key: WgTDf...
2024-11-27 13:36:54,137 - DEBUG - Starting new HTTPS connection (1): aip.baidubce.com:443
2024-11-27 13:36:55,390 - DEBUG - https://aip.baidubce.com:443 "POST /oauth/2.0/token?grant_type=client_credentials&client_id=WgTDfZhQKDBvNQ1t3HSr8rG0&client_secret=opGec3K9CQSua09B0bq4vM8HU0thNV7L HTTP/1.1" 200 None
2024-11-27 13:36:55,423 - DEBUG - 访问令牌响应: {"refresh_token": "25.8611fca6bc72749b281dbd07de55e193.315360000.2048045815.282335-116407666", "expires_in": 2592000, "session_key": "9mzdDc7nuyQArOjN1LfXTxKIj8cbsRYboO/5Vsz0j0ZS57pvFmZrDrglFYVIqntQegNGWZpmMVLKXVnxcIdVr0qPGukZkN8=", "access_token": "24.6822bfac87313a8f6375aa4a74692d81.2592000.1735277815.282335-116407666", "scope": "public ai_custom_qianfan_bloomz_7b_compressed ai_custom_yiyan_com ai_custom_yiyan_com_128k ai_custom_yiyan_com_ai_apaas ai_custom_yiyan_com_ai_apaas_lite ai_custom_yiyan_com_aquilachat_7b ai_custom_yiyan_com_bce_reranker_base ai_custom_yiyan_com_bloomz7b1 ai_custom_yiyan_com_chatglm2_6b_32k ai_custom_yiyan_com_chatlaw ai_custom_yiyan_com_codellama_7b_ins ai_custom_yiyan_com_eb_pro ai_custom_yiyan_com_eb_turbo_pro ai_custom_yiyan_com_eb_turbo_pro_128k ai_custom_yiyan_com_emb_bge_large_en ai_custom_yiyan_com_emb_bge_large_zh ai_custom_yiyan_com_emb_tao_8k ai_custom_yiyan_com_emb_text ai_custom_yiyan_com_ernie_3.5_128k_preview ai_custom_yiyan_com_ernie_3.5_8k_0701 ai_custom_yiyan_com_ernie_35_8k_0613 ai_custom_yiyan_com_ernie_35_8k_preview ai_custom_yiyan_com_ernie_4.0_turbo_128k ai_custom_yiyan_com_ernie_4.0_turbo_8k_0628 ai_custom_yiyan_com_ernie_4.0_turbo_8k_latest ai_custom_yiyan_com_ernie_40_8k_0613 ai_custom_yiyan_com_ernie_40_8k_beta ai_custom_yiyan_com_ernie_40_8k_preview ai_custom_yiyan_com_ernie_40_turbo_8k(2) ai_custom_yiyan_com_ernie_40_turbo_8k_preview ai_custom_yiyan_com_ernie_char_8k ai_custom_yiyan_com_ernie_char_fiction_8k ai_custom_yiyan_com_ernie_func_8k ai_custom_yiyan_com_ernie_lite_8k ai_custom_yiyan_com_ernie_lite_pro_128k ai_custom_yiyan_com_ernie_novel_8k ai_custom_yiyan_com_ernie_speed_pro_128k ai_custom_yiyan_com_ernie_tiny_8k ai_custom_yiyan_com_fiction_8k_preview ai_custom_yiyan_com_fuyu_8b ai_custom_yiyan_com_gemma_7b_it ai_custom_yiyan_com_llama2_13b ai_custom_yiyan_com_llama2_70b ai_custom_yiyan_com_llama2_7b ai_custom_yiyan_com_llama3_70b ai_custom_yiyan_com_llama3_8b ai_custom_yiyan_com_mixtral_8x7b ai_custom_yiyan_com_qf_chinese_llama_2_13b ai_custom_yiyan_com_qf_chinese_llama_2_70b ai_custom_yiyan_com_qianfan_agent_lite_8k ai_custom_yiyan_com_qianfan_agent_speed_8k ai_custom_yiyan_com_qianfan_chinese_llama_2_7b ai_custom_yiyan_com_qianfan_dynamic_8k ai_custom_yiyan_com_sd_xl ai_custom_yiyan_com_sqlcoder_7b ai_custom_yiyan_com_tokenizer_eb ai_custom_yiyan_com_xuanyuan_70b_chat ai_custom_yiyan_com_yi_34b brain_all_scope wenxinworkshop_mgr wise_adapt lebo_resource_base lightservice_public hetu_basic lightcms_map_poi kaidian_kaidian ApsMisTest_Test权限 vis-classify_flower lpq_开放 cop_helloScope ApsMis_fangdi_permission smartapp_snsapi_base smartapp_mapp_dev_manage iop_autocar oauth_tp_app smartapp_smart_game_openapi oauth_sessionkey smartapp_swanid_verify smartapp_opensource_openapi smartapp_opensource_recapi fake_face_detect_开放Scope vis-ocr_虚拟人物助理 idl-video_虚拟人物助理 smartapp_component smartapp_search_plugin avatar_video_test b2b_tp_openapi b2b_tp_openapi_online smartapp_gov_aladin_to_xcx", "session_secret": "225426eeeae15ef9469082b945ade61e"}
2024-11-27 13:36:55,423 - INFO - 成功获取访问令牌
2024-11-27 13:36:55,424 - DEBUG - 请求URL: https://aip.baidubce.com/rpc/2.0/ai_custom/v1/wenxinworkshop/chat/eb-instant?access_token=24.6822bfac87313a8f6375aa4a74692d81.2592000.1735277815.282335-116407666
2024-11-27 13:36:55,424 - DEBUG - 请求头: {'Content-Type': 'application/json'}
2024-11-27 13:36:55,424 - DEBUG - 请求体: {"messages": [{"role": "user", "content": "你好"}]}
2024-11-27 13:36:55,425 - DEBUG - Starting new HTTPS connection (1): aip.baidubce.com:443
2024-11-27 13:36:55,948 - DEBUG - https://aip.baidubce.com:443 "POST /rpc/2.0/ai_custom/v1/wenxinworkshop/chat/eb-instant?access_token=24.6822bfac87313a8f6375aa4a74692d81.2592000.1735277815.282335-116407666 HTTP/1.1" 200 None
2024-11-27 13:36:56,028 - INFO - 收到API响应
2024-11-27 13:36:56,028 - DEBUG - 响应数据: {
  "error_code": 6,
  "error_msg": "No permission to access data"
}
2024-11-27 13:36:56,028 - ERROR - API错误: No permission to access data
2024-11-27 13:51:00,395 - INFO - AI服务初始化完成
2024-11-27 13:51:14,716 - INFO - 开始处理新的请求: 你好
2024-11-27 13:51:14,716 - INFO - 正在获取访问令牌，API Key: WgTDf...
2024-11-27 13:51:14,718 - DEBUG - Starting new HTTPS connection (1): aip.baidubce.com:443
2024-11-27 13:51:15,374 - DEBUG - https://aip.baidubce.com:443 "POST /oauth/2.0/token?grant_type=client_credentials&client_id=WgTDfZhQKDBvNQ1t3HSr8rG0&client_secret=opGec3K9CQSua09B0bq4vM8HU0thNV7L HTTP/1.1" 200 None
2024-11-27 13:51:15,412 - DEBUG - 访问令牌响应: {"refresh_token": "25.6dd7603f723a34a8ed3a8fec5932fd0c.315360000.2048046675.282335-116407666", "expires_in": 2592000, "session_key": "9mzdWT5R4LJ2aibUtrUp/mhA2obasamqf6c6gqu5eICqk7ds4QHiW7AcIGAOjHSiz9TOnDglJROJsj292MnZxYa0W1H3iwY=", "access_token": "24.bd9438788a679dca421d57d358e0d6e2.2592000.1735278675.282335-116407666", "scope": "public ai_custom_qianfan_bloomz_7b_compressed ai_custom_yiyan_com ai_custom_yiyan_com_128k ai_custom_yiyan_com_ai_apaas ai_custom_yiyan_com_ai_apaas_lite ai_custom_yiyan_com_aquilachat_7b ai_custom_yiyan_com_bce_reranker_base ai_custom_yiyan_com_bloomz7b1 ai_custom_yiyan_com_chatglm2_6b_32k ai_custom_yiyan_com_chatlaw ai_custom_yiyan_com_codellama_7b_ins ai_custom_yiyan_com_eb_pro ai_custom_yiyan_com_eb_turbo_pro ai_custom_yiyan_com_eb_turbo_pro_128k ai_custom_yiyan_com_emb_bge_large_en ai_custom_yiyan_com_emb_bge_large_zh ai_custom_yiyan_com_emb_tao_8k ai_custom_yiyan_com_emb_text ai_custom_yiyan_com_ernie_3.5_128k_preview ai_custom_yiyan_com_ernie_3.5_8k_0701 ai_custom_yiyan_com_ernie_35_8k_0613 ai_custom_yiyan_com_ernie_35_8k_preview ai_custom_yiyan_com_ernie_4.0_turbo_128k ai_custom_yiyan_com_ernie_4.0_turbo_8k_0628 ai_custom_yiyan_com_ernie_4.0_turbo_8k_latest ai_custom_yiyan_com_ernie_40_8k_0613 ai_custom_yiyan_com_ernie_40_8k_beta ai_custom_yiyan_com_ernie_40_8k_preview ai_custom_yiyan_com_ernie_40_turbo_8k(2) ai_custom_yiyan_com_ernie_40_turbo_8k_preview ai_custom_yiyan_com_ernie_char_8k ai_custom_yiyan_com_ernie_char_fiction_8k ai_custom_yiyan_com_ernie_func_8k ai_custom_yiyan_com_ernie_lite_8k ai_custom_yiyan_com_ernie_lite_pro_128k ai_custom_yiyan_com_ernie_novel_8k ai_custom_yiyan_com_ernie_speed_pro_128k ai_custom_yiyan_com_ernie_tiny_8k ai_custom_yiyan_com_fiction_8k_preview ai_custom_yiyan_com_fuyu_8b ai_custom_yiyan_com_gemma_7b_it ai_custom_yiyan_com_llama2_13b ai_custom_yiyan_com_llama2_70b ai_custom_yiyan_com_llama2_7b ai_custom_yiyan_com_llama3_70b ai_custom_yiyan_com_llama3_8b ai_custom_yiyan_com_mixtral_8x7b ai_custom_yiyan_com_qf_chinese_llama_2_13b ai_custom_yiyan_com_qf_chinese_llama_2_70b ai_custom_yiyan_com_qianfan_agent_lite_8k ai_custom_yiyan_com_qianfan_agent_speed_8k ai_custom_yiyan_com_qianfan_chinese_llama_2_7b ai_custom_yiyan_com_qianfan_dynamic_8k ai_custom_yiyan_com_sd_xl ai_custom_yiyan_com_sqlcoder_7b ai_custom_yiyan_com_tokenizer_eb ai_custom_yiyan_com_xuanyuan_70b_chat ai_custom_yiyan_com_yi_34b brain_all_scope wenxinworkshop_mgr wise_adapt lebo_resource_base lightservice_public hetu_basic lightcms_map_poi kaidian_kaidian ApsMisTest_Test权限 vis-classify_flower lpq_开放 cop_helloScope ApsMis_fangdi_permission smartapp_snsapi_base smartapp_mapp_dev_manage iop_autocar oauth_tp_app smartapp_smart_game_openapi oauth_sessionkey smartapp_swanid_verify smartapp_opensource_openapi smartapp_opensource_recapi fake_face_detect_开放Scope vis-ocr_虚拟人物助理 idl-video_虚拟人物助理 smartapp_component smartapp_search_plugin avatar_video_test b2b_tp_openapi b2b_tp_openapi_online smartapp_gov_aladin_to_xcx", "session_secret": "d2b5e71972bd3e8f53a0f7a803336cc1"}
2024-11-27 13:51:15,412 - INFO - 成功获取访问令牌
2024-11-27 13:51:15,413 - DEBUG - 请求URL: https://aip.baidubce.com/rpc/2.0/ai_custom/v1/wenxinworkshop/chat/eb-instant?access_token=24.bd9438788a679dca421d57d358e0d6e2.2592000.1735278675.282335-116407666
2024-11-27 13:51:15,413 - DEBUG - 请求头: {'Content-Type': 'application/json'}
2024-11-27 13:51:15,413 - DEBUG - 请求体: {"messages": [{"role": "user", "content": "你好"}]}
2024-11-27 13:51:15,415 - DEBUG - Starting new HTTPS connection (1): aip.baidubce.com:443
2024-11-27 13:51:16,319 - DEBUG - https://aip.baidubce.com:443 "POST /rpc/2.0/ai_custom/v1/wenxinworkshop/chat/eb-instant?access_token=24.bd9438788a679dca421d57d358e0d6e2.2592000.1735278675.282335-116407666 HTTP/1.1" 200 None
2024-11-27 13:51:16,334 - INFO - 收到API响应
2024-11-27 13:51:16,334 - DEBUG - 响应数据: {
  "error_code": 6,
  "error_msg": "No permission to access data"
}
2024-11-27 13:51:16,334 - ERROR - API错误: No permission to access data
2024-11-27 13:52:10,904 - INFO - AI服务初始化完成
2024-11-27 13:52:25,865 - INFO - 开始处理新的请求: 你好
2024-11-27 13:52:25,865 - INFO - 正在获取访问令牌，API Key: WgTDf...
2024-11-27 13:52:25,867 - DEBUG - Starting new HTTPS connection (1): aip.baidubce.com:443
2024-11-27 13:52:26,642 - DEBUG - https://aip.baidubce.com:443 "POST /oauth/2.0/token?grant_type=client_credentials&client_id=WgTDfZhQKDBvNQ1t3HSr8rG0&client_secret=opGec3K9CQSua09B0bq4vM8HU0thNV7L HTTP/1.1" 200 None
2024-11-27 13:52:26,700 - DEBUG - 访问令牌响应: {"refresh_token": "25.573d9dc74a08cf8d7120c389fe8940b9.315360000.2048046747.282335-116407666", "expires_in": 2592000, "session_key": "9mzdXqbIB+qQ54qMVDGhpVOa8cx3eUuHgVRujEoMw4JTbxwXB1PrB5ByjI5AuwFOVHMf4ObBTJGKDPtZQdnJRsqWgjJNdxw=", "access_token": "24.ec42b9ecd07175d98adba102eff8c151.2592000.1735278747.282335-116407666", "scope": "public ai_custom_qianfan_bloomz_7b_compressed ai_custom_yiyan_com ai_custom_yiyan_com_128k ai_custom_yiyan_com_ai_apaas ai_custom_yiyan_com_ai_apaas_lite ai_custom_yiyan_com_aquilachat_7b ai_custom_yiyan_com_bce_reranker_base ai_custom_yiyan_com_bloomz7b1 ai_custom_yiyan_com_chatglm2_6b_32k ai_custom_yiyan_com_chatlaw ai_custom_yiyan_com_codellama_7b_ins ai_custom_yiyan_com_eb_pro ai_custom_yiyan_com_eb_turbo_pro ai_custom_yiyan_com_eb_turbo_pro_128k ai_custom_yiyan_com_emb_bge_large_en ai_custom_yiyan_com_emb_bge_large_zh ai_custom_yiyan_com_emb_tao_8k ai_custom_yiyan_com_emb_text ai_custom_yiyan_com_ernie_3.5_128k_preview ai_custom_yiyan_com_ernie_3.5_8k_0701 ai_custom_yiyan_com_ernie_35_8k_0613 ai_custom_yiyan_com_ernie_35_8k_preview ai_custom_yiyan_com_ernie_4.0_turbo_128k ai_custom_yiyan_com_ernie_4.0_turbo_8k_0628 ai_custom_yiyan_com_ernie_4.0_turbo_8k_latest ai_custom_yiyan_com_ernie_40_8k_0613 ai_custom_yiyan_com_ernie_40_8k_beta ai_custom_yiyan_com_ernie_40_8k_preview ai_custom_yiyan_com_ernie_40_turbo_8k(2) ai_custom_yiyan_com_ernie_40_turbo_8k_preview ai_custom_yiyan_com_ernie_char_8k ai_custom_yiyan_com_ernie_char_fiction_8k ai_custom_yiyan_com_ernie_func_8k ai_custom_yiyan_com_ernie_lite_8k ai_custom_yiyan_com_ernie_lite_pro_128k ai_custom_yiyan_com_ernie_novel_8k ai_custom_yiyan_com_ernie_speed_pro_128k ai_custom_yiyan_com_ernie_tiny_8k ai_custom_yiyan_com_fiction_8k_preview ai_custom_yiyan_com_fuyu_8b ai_custom_yiyan_com_gemma_7b_it ai_custom_yiyan_com_llama2_13b ai_custom_yiyan_com_llama2_70b ai_custom_yiyan_com_llama2_7b ai_custom_yiyan_com_llama3_70b ai_custom_yiyan_com_llama3_8b ai_custom_yiyan_com_mixtral_8x7b ai_custom_yiyan_com_qf_chinese_llama_2_13b ai_custom_yiyan_com_qf_chinese_llama_2_70b ai_custom_yiyan_com_qianfan_agent_lite_8k ai_custom_yiyan_com_qianfan_agent_speed_8k ai_custom_yiyan_com_qianfan_chinese_llama_2_7b ai_custom_yiyan_com_qianfan_dynamic_8k ai_custom_yiyan_com_sd_xl ai_custom_yiyan_com_sqlcoder_7b ai_custom_yiyan_com_tokenizer_eb ai_custom_yiyan_com_xuanyuan_70b_chat ai_custom_yiyan_com_yi_34b brain_all_scope wenxinworkshop_mgr wise_adapt lebo_resource_base lightservice_public hetu_basic lightcms_map_poi kaidian_kaidian ApsMisTest_Test权限 vis-classify_flower lpq_开放 cop_helloScope ApsMis_fangdi_permission smartapp_snsapi_base smartapp_mapp_dev_manage iop_autocar oauth_tp_app smartapp_smart_game_openapi oauth_sessionkey smartapp_swanid_verify smartapp_opensource_openapi smartapp_opensource_recapi fake_face_detect_开放Scope vis-ocr_虚拟人物助理 idl-video_虚拟人物助理 smartapp_component smartapp_search_plugin avatar_video_test b2b_tp_openapi b2b_tp_openapi_online smartapp_gov_aladin_to_xcx", "session_secret": "75ac519612ab887adad61a53c1addf04"}
2024-11-27 13:52:26,700 - INFO - 成功获取访问令牌
2024-11-27 13:52:26,701 - DEBUG - 请求URL: https://aip.baidubce.com/rpc/2.0/ai_custom/v1/wenxinworkshop/chat/eb-instant?access_token=24.ec42b9ecd07175d98adba102eff8c151.2592000.1735278747.282335-116407666
2024-11-27 13:52:26,701 - DEBUG - 请求头: {'Content-Type': 'application/json'}
2024-11-27 13:52:26,701 - DEBUG - 请求体: {"messages": [{"role": "user", "content": "你好"}]}
2024-11-27 13:52:26,702 - DEBUG - Starting new HTTPS connection (1): aip.baidubce.com:443
2024-11-27 13:52:27,338 - DEBUG - https://aip.baidubce.com:443 "POST /rpc/2.0/ai_custom/v1/wenxinworkshop/chat/eb-instant?access_token=24.ec42b9ecd07175d98adba102eff8c151.2592000.1735278747.282335-116407666 HTTP/1.1" 200 None
2024-11-27 13:52:27,363 - INFO - 收到API响应
2024-11-27 13:52:27,364 - DEBUG - 响应数据: {
  "error_code": 6,
  "error_msg": "No permission to access data"
}
2024-11-27 13:52:27,364 - ERROR - API错误: No permission to access data
2024-11-27 13:56:12,471 - INFO - AI服务初始化完成
2024-11-27 13:57:44,977 - INFO - 开始处理新的请求: 1
2024-11-27 13:57:44,977 - INFO - 正在获取访问令牌，API Key: WgTDf...
2024-11-27 13:57:44,979 - DEBUG - Starting new HTTPS connection (1): aip.baidubce.com:443
2024-11-27 13:57:45,542 - DEBUG - https://aip.baidubce.com:443 "POST /oauth/2.0/token?grant_type=client_credentials&client_id=WgTDfZhQKDBvNQ1t3HSr8rG0&client_secret=opGec3K9CQSua09B0bq4vM8HU0thNV7L HTTP/1.1" 200 None
2024-11-27 13:57:45,551 - DEBUG - 访问令牌响应: {"refresh_token": "25.0a4e7a2c19c72583622a0998b315fff0.315360000.2048047066.282335-116407666", "expires_in": 2592000, "session_key": "9mzdWTw+gyrJKHwP1YvRn3CQqrIcRPGYxBphctE+tY7G66MfAa/fo4iDn0HYnoIOJhYc526g10eOwPr/vyzCKIMTkQLObNw=", "access_token": "24.bf8e2eeeb148818a6cd8319760d7cb95.2592000.1735279066.282335-116407666", "scope": "public ai_custom_qianfan_bloomz_7b_compressed ai_custom_yiyan_com ai_custom_yiyan_com_128k ai_custom_yiyan_com_ai_apaas ai_custom_yiyan_com_ai_apaas_lite ai_custom_yiyan_com_aquilachat_7b ai_custom_yiyan_com_bce_reranker_base ai_custom_yiyan_com_bloomz7b1 ai_custom_yiyan_com_chatglm2_6b_32k ai_custom_yiyan_com_chatlaw ai_custom_yiyan_com_codellama_7b_ins ai_custom_yiyan_com_eb_pro ai_custom_yiyan_com_eb_turbo_pro ai_custom_yiyan_com_eb_turbo_pro_128k ai_custom_yiyan_com_emb_bge_large_en ai_custom_yiyan_com_emb_bge_large_zh ai_custom_yiyan_com_emb_tao_8k ai_custom_yiyan_com_emb_text ai_custom_yiyan_com_ernie_3.5_128k_preview ai_custom_yiyan_com_ernie_3.5_8k_0701 ai_custom_yiyan_com_ernie_35_8k_0613 ai_custom_yiyan_com_ernie_35_8k_preview ai_custom_yiyan_com_ernie_4.0_turbo_128k ai_custom_yiyan_com_ernie_4.0_turbo_8k_0628 ai_custom_yiyan_com_ernie_4.0_turbo_8k_latest ai_custom_yiyan_com_ernie_40_8k_0613 ai_custom_yiyan_com_ernie_40_8k_beta ai_custom_yiyan_com_ernie_40_8k_preview ai_custom_yiyan_com_ernie_40_turbo_8k(2) ai_custom_yiyan_com_ernie_40_turbo_8k_preview ai_custom_yiyan_com_ernie_char_8k ai_custom_yiyan_com_ernie_char_fiction_8k ai_custom_yiyan_com_ernie_func_8k ai_custom_yiyan_com_ernie_lite_8k ai_custom_yiyan_com_ernie_lite_pro_128k ai_custom_yiyan_com_ernie_novel_8k ai_custom_yiyan_com_ernie_speed_pro_128k ai_custom_yiyan_com_ernie_tiny_8k ai_custom_yiyan_com_fiction_8k_preview ai_custom_yiyan_com_fuyu_8b ai_custom_yiyan_com_gemma_7b_it ai_custom_yiyan_com_llama2_13b ai_custom_yiyan_com_llama2_70b ai_custom_yiyan_com_llama2_7b ai_custom_yiyan_com_llama3_70b ai_custom_yiyan_com_llama3_8b ai_custom_yiyan_com_mixtral_8x7b ai_custom_yiyan_com_qf_chinese_llama_2_13b ai_custom_yiyan_com_qf_chinese_llama_2_70b ai_custom_yiyan_com_qianfan_agent_lite_8k ai_custom_yiyan_com_qianfan_agent_speed_8k ai_custom_yiyan_com_qianfan_chinese_llama_2_7b ai_custom_yiyan_com_qianfan_dynamic_8k ai_custom_yiyan_com_sd_xl ai_custom_yiyan_com_sqlcoder_7b ai_custom_yiyan_com_tokenizer_eb ai_custom_yiyan_com_xuanyuan_70b_chat ai_custom_yiyan_com_yi_34b brain_all_scope wenxinworkshop_mgr wise_adapt lebo_resource_base lightservice_public hetu_basic lightcms_map_poi kaidian_kaidian ApsMisTest_Test权限 vis-classify_flower lpq_开放 cop_helloScope ApsMis_fangdi_permission smartapp_snsapi_base smartapp_mapp_dev_manage iop_autocar oauth_tp_app smartapp_smart_game_openapi oauth_sessionkey smartapp_swanid_verify smartapp_opensource_openapi smartapp_opensource_recapi fake_face_detect_开放Scope vis-ocr_虚拟人物助理 idl-video_虚拟人物助理 smartapp_component smartapp_search_plugin avatar_video_test b2b_tp_openapi b2b_tp_openapi_online smartapp_gov_aladin_to_xcx", "session_secret": "4ace270c29ec90de02d293f566b117ac"}
2024-11-27 13:57:45,551 - INFO - 成功获取访问令牌
2024-11-27 13:57:45,552 - DEBUG - 请求URL: https://aip.baidubce.com/rpc/2.0/ai_custom/v1/wenxinworkshop/chat/eb-instant?access_token=24.bf8e2eeeb148818a6cd8319760d7cb95.2592000.1735279066.282335-116407666
2024-11-27 13:57:45,552 - DEBUG - 请求头: {'Content-Type': 'application/json'}
2024-11-27 13:57:45,552 - DEBUG - 请求体: {"messages": [{"role": "user", "content": "1"}]}
2024-11-27 13:57:45,554 - DEBUG - Starting new HTTPS connection (1): aip.baidubce.com:443
2024-11-27 13:57:46,083 - DEBUG - https://aip.baidubce.com:443 "POST /rpc/2.0/ai_custom/v1/wenxinworkshop/chat/eb-instant?access_token=24.bf8e2eeeb148818a6cd8319760d7cb95.2592000.1735279066.282335-116407666 HTTP/1.1" 200 None
2024-11-27 13:57:46,117 - INFO - 收到API响应
2024-11-27 13:57:46,117 - DEBUG - 响应数据: {
  "error_code": 6,
  "error_msg": "No permission to access data"
}
2024-11-27 13:57:46,117 - ERROR - API错误: No permission to access data
2024-11-27 13:59:20,743 - INFO - AI服务初始化完成
2024-11-27 14:00:32,601 - INFO - 开始处理新的请求: 1
2024-11-27 14:00:32,601 - INFO - 正在获取访问令牌，API Key: WgTDf...
2024-11-27 14:00:32,603 - DEBUG - Starting new HTTPS connection (1): aip.baidubce.com:443
2024-11-27 14:00:33,174 - DEBUG - https://aip.baidubce.com:443 "POST /oauth/2.0/token?grant_type=client_credentials&client_id=WgTDfZhQKDBvNQ1t3HSr8rG0&client_secret=opGec3K9CQSua09B0bq4vM8HU0thNV7L HTTP/1.1" 200 None
2024-11-27 14:00:33,202 - DEBUG - 访问令牌响应: {"refresh_token": "25.430074838042503c516f080cc5eb8151.315360000.2048047233.282335-116407666", "expires_in": 2592000, "session_key": "9mzdCrFhq1y8XRQhW6WfLUOwaD+jrkmq/9X1rKtrnFNSTCewL1ZE0PoSkjKSJpbhzQomaBI1vg31RPMxoS0FM37yN+ccZdA=", "access_token": "24.155ef40520b3525357960d2cf75274cb.2592000.1735279233.282335-116407666", "scope": "public ai_custom_qianfan_bloomz_7b_compressed ai_custom_yiyan_com ai_custom_yiyan_com_128k ai_custom_yiyan_com_ai_apaas ai_custom_yiyan_com_ai_apaas_lite ai_custom_yiyan_com_aquilachat_7b ai_custom_yiyan_com_bce_reranker_base ai_custom_yiyan_com_bloomz7b1 ai_custom_yiyan_com_chatglm2_6b_32k ai_custom_yiyan_com_chatlaw ai_custom_yiyan_com_codellama_7b_ins ai_custom_yiyan_com_eb_pro ai_custom_yiyan_com_eb_turbo_pro ai_custom_yiyan_com_eb_turbo_pro_128k ai_custom_yiyan_com_emb_bge_large_en ai_custom_yiyan_com_emb_bge_large_zh ai_custom_yiyan_com_emb_tao_8k ai_custom_yiyan_com_emb_text ai_custom_yiyan_com_ernie_3.5_128k_preview ai_custom_yiyan_com_ernie_3.5_8k_0701 ai_custom_yiyan_com_ernie_35_8k_0613 ai_custom_yiyan_com_ernie_35_8k_preview ai_custom_yiyan_com_ernie_4.0_turbo_128k ai_custom_yiyan_com_ernie_4.0_turbo_8k_0628 ai_custom_yiyan_com_ernie_4.0_turbo_8k_latest ai_custom_yiyan_com_ernie_40_8k_0613 ai_custom_yiyan_com_ernie_40_8k_beta ai_custom_yiyan_com_ernie_40_8k_preview ai_custom_yiyan_com_ernie_40_turbo_8k(2) ai_custom_yiyan_com_ernie_40_turbo_8k_preview ai_custom_yiyan_com_ernie_char_8k ai_custom_yiyan_com_ernie_char_fiction_8k ai_custom_yiyan_com_ernie_func_8k ai_custom_yiyan_com_ernie_lite_8k ai_custom_yiyan_com_ernie_lite_pro_128k ai_custom_yiyan_com_ernie_novel_8k ai_custom_yiyan_com_ernie_speed_pro_128k ai_custom_yiyan_com_ernie_tiny_8k ai_custom_yiyan_com_fiction_8k_preview ai_custom_yiyan_com_fuyu_8b ai_custom_yiyan_com_gemma_7b_it ai_custom_yiyan_com_llama2_13b ai_custom_yiyan_com_llama2_70b ai_custom_yiyan_com_llama2_7b ai_custom_yiyan_com_llama3_70b ai_custom_yiyan_com_llama3_8b ai_custom_yiyan_com_mixtral_8x7b ai_custom_yiyan_com_qf_chinese_llama_2_13b ai_custom_yiyan_com_qf_chinese_llama_2_70b ai_custom_yiyan_com_qianfan_agent_lite_8k ai_custom_yiyan_com_qianfan_agent_speed_8k ai_custom_yiyan_com_qianfan_chinese_llama_2_7b ai_custom_yiyan_com_qianfan_dynamic_8k ai_custom_yiyan_com_sd_xl ai_custom_yiyan_com_sqlcoder_7b ai_custom_yiyan_com_tokenizer_eb ai_custom_yiyan_com_xuanyuan_70b_chat ai_custom_yiyan_com_yi_34b brain_all_scope wenxinworkshop_mgr wise_adapt lebo_resource_base lightservice_public hetu_basic lightcms_map_poi kaidian_kaidian ApsMisTest_Test权限 vis-classify_flower lpq_开放 cop_helloScope ApsMis_fangdi_permission smartapp_snsapi_base smartapp_mapp_dev_manage iop_autocar oauth_tp_app smartapp_smart_game_openapi oauth_sessionkey smartapp_swanid_verify smartapp_opensource_openapi smartapp_opensource_recapi fake_face_detect_开放Scope vis-ocr_虚拟人物助理 idl-video_虚拟人物助理 smartapp_component smartapp_search_plugin avatar_video_test b2b_tp_openapi b2b_tp_openapi_online smartapp_gov_aladin_to_xcx", "session_secret": "ddae6d07dad6d2bcfd29ff8607288cdc"}
2024-11-27 14:00:33,203 - INFO - 成功获取访问令牌
2024-11-27 14:00:33,204 - DEBUG - 请求URL: https://aip.baidubce.com/rpc/2.0/ai_custom/v1/wenxinworkshop/chat/eb-instant?access_token=24.155ef40520b3525357960d2cf75274cb.2592000.1735279233.282335-116407666
2024-11-27 14:00:33,204 - DEBUG - 请求头: {'Content-Type': 'application/json'}
2024-11-27 14:00:33,204 - DEBUG - 请求体: {"messages": [{"role": "user", "content": "1"}]}
2024-11-27 14:00:33,204 - DEBUG - Starting new HTTPS connection (1): aip.baidubce.com:443
2024-11-27 14:00:33,838 - DEBUG - https://aip.baidubce.com:443 "POST /rpc/2.0/ai_custom/v1/wenxinworkshop/chat/eb-instant?access_token=24.155ef40520b3525357960d2cf75274cb.2592000.1735279233.282335-116407666 HTTP/1.1" 200 None
2024-11-27 14:00:33,870 - INFO - 收到API响应
2024-11-27 14:00:33,871 - DEBUG - 响应数据: {
  "error_code": 6,
  "error_msg": "No permission to access data"
}
2024-11-27 14:00:33,871 - ERROR - API错误: No permission to access data
